[05:03:52] [ServerMain/INFO]: Environment: authHost='https://authserver.mojang.com', accountsHost='https://api.mojang.com', sessionHost='https://sessionserver.mojang.com', servicesHost='https://api.minecraftservices.com', name='PROD'
[05:03:53] [ServerMain/INFO]: Reloading ResourceManager: Default, bukkit, BlazeandCaves Advancements Pack 1.13.zip, Devons TRUE SURVIVAL Version 4.0.0.zip, treecapitator-v2-7-2.zip, technicalenchant-v4-4-2.zip
[05:03:57] [Worker-Main-6/ERROR]: Couldn't parse loot table tsurvival:armors/tsurv.metalchest
com.google.gson.JsonSyntaxException: Unknown item tag 'tsurvival:tsurv.metalchest'
	at net.minecraft.advancements.critereon.CriterionConditionItem.b(SourceFile:140) ~[spigot-1.18-R0.1-SNAPSHOT.jar:3336-Spigot-a5dea1c-a008701]
	at net.minecraft.tags.ITagRegistry.a(SourceFile:49) ~[spigot-1.18-R0.1-SNAPSHOT.jar:3336-Spigot-a5dea1c-a008701]
	at net.minecraft.advancements.critereon.CriterionConditionItem.a(SourceFile:140) ~[spigot-1.18-R0.1-SNAPSHOT.jar:3336-Spigot-a5dea1c-a008701]
	at net.minecraft.advancements.critereon.CriterionConditionEntityEquipment.a(SourceFile:73) ~[spigot-1.18-R0.1-SNAPSHOT.jar:3336-Spigot-a5dea1c-a008701]
	at net.minecraft.advancements.critereon.CriterionConditionEntity.a(SourceFile:194) ~[spigot-1.18-R0.1-SNAPSHOT.jar:3336-Spigot-a5dea1c-a008701]
	at net.minecraft.world.level.storage.loot.predicates.LootItemConditionEntityProperty$a.b(SourceFile:64) ~[spigot-1.18-R0.1-SNAPSHOT.jar:3336-Spigot-a5dea1c-a008701]
	at net.minecraft.world.level.storage.loot.predicates.LootItemConditionEntityProperty$a.a(SourceFile:55) ~[spigot-1.18-R0.1-SNAPSHOT.jar:3336-Spigot-a5dea1c-a008701]
	at net.minecraft.world.level.storage.loot.JsonRegistry$c.deserialize(SourceFile:102) ~[spigot-1.18-R0.1-SNAPSHOT.jar:3336-Spigot-a5dea1c-a008701]
	at com.google.gson.internal.bind.TreeTypeAdapter.read(TreeTypeAdapter.java:69) ~[gson-2.8.8.jar:?]
	at com.google.gson.Gson.fromJson(Gson.java:932) ~[gson-2.8.8.jar:?]
	at com.google.gson.Gson.fromJson(Gson.java:1003) ~[gson-2.8.8.jar:?]
	at com.google.gson.Gson.fromJson(Gson.java:975) ~[gson-2.8.8.jar:?]
	at net.minecraft.world.level.storage.loot.LootPredicateManager.a(SourceFile:47) ~[spigot-1.18-R0.1-SNAPSHOT.jar:3336-Spigot-a5dea1c-a008701]
	at java.util.HashMap.forEach(HashMap.java:1421) ~[?:?]
	at net.minecraft.world.level.storage.loot.LootPredicateManager.a(SourceFile:41) ~[spigot-1.18-R0.1-SNAPSHOT.jar:3336-Spigot-a5dea1c-a008701]
	at net.minecraft.world.level.storage.loot.LootPredicateManager.a(SourceFile:23) ~[spigot-1.18-R0.1-SNAPSHOT.jar:3336-Spigot-a5dea1c-a008701]
	at net.minecraft.server.packs.resources.ResourceDataAbstract.a(SourceFile:13) ~[spigot-1.18-R0.1-SNAPSHOT.jar:3336-Spigot-a5dea1c-a008701]
	at java.util.concurrent.CompletableFuture$UniAccept.tryFire(CompletableFuture.java:718) ~[?:?]
	at java.util.concurrent.CompletableFuture$Completion.run(CompletableFuture.java:482) ~[?:?]
	at net.minecraft.server.packs.resources.Reloadable.a(SourceFile:71) ~[spigot-1.18-R0.1-SNAPSHOT.jar:3336-Spigot-a5dea1c-a008701]
	at net.minecraft.server.packs.resources.Reloadable.a(SourceFile:70) ~[spigot-1.18-R0.1-SNAPSHOT.jar:3336-Spigot-a5dea1c-a008701]
	at java.util.concurrent.CompletableFuture$UniCompletion.claim(CompletableFuture.java:572) ~[?:?]
	at java.util.concurrent.CompletableFuture$UniAccept.tryFire(CompletableFuture.java:714) ~[?:?]
	at java.util.concurrent.CompletableFuture.postComplete(CompletableFuture.java:510) ~[?:?]
	at java.util.concurrent.CompletableFuture.postFire(CompletableFuture.java:614) ~[?:?]
	at java.util.concurrent.CompletableFuture$UniAccept.tryFire(CompletableFuture.java:726) ~[?:?]
	at java.util.concurrent.CompletableFuture$Completion.run(CompletableFuture.java:482) ~[?:?]
	at net.minecraft.server.packs.resources.Reloadable.a(SourceFile:71) ~[spigot-1.18-R0.1-SNAPSHOT.jar:3336-Spigot-a5dea1c-a008701]
	at net.minecraft.server.packs.resources.Reloadable.a(SourceFile:70) ~[spigot-1.18-R0.1-SNAPSHOT.jar:3336-Spigot-a5dea1c-a008701]
	at java.util.concurrent.CompletableFuture$UniCompletion.claim(CompletableFuture.java:572) ~[?:?]
	at java.util.concurrent.CompletableFuture$UniAccept.tryFire(CompletableFuture.java:714) ~[?:?]
	at java.util.concurrent.CompletableFuture.postComplete(CompletableFuture.java:510) ~[?:?]
	at java.util.concurrent.CompletableFuture.complete(CompletableFuture.java:2147) ~[?:?]
	at net.minecraft.server.packs.resources.Reloadable$1.a(SourceFile:53) ~[spigot-1.18-R0.1-SNAPSHOT.jar:3336-Spigot-a5dea1c-a008701]
	at net.minecraft.server.packs.resources.Reloadable$1.a(SourceFile:50) ~[spigot-1.18-R0.1-SNAPSHOT.jar:3336-Spigot-a5dea1c-a008701]
	at java.util.concurrent.CompletableFuture$UniCompose.tryFire(CompletableFuture.java:1150) [?:?]
	at java.util.concurrent.CompletableFuture.postComplete(CompletableFuture.java:510) [?:?]
	at java.util.concurrent.CompletableFuture$AsyncSupply.run(CompletableFuture.java:1773) [?:?]
	at java.util.concurrent.CompletableFuture$AsyncSupply.exec(CompletableFuture.java:1760) [?:?]
	at java.util.concurrent.ForkJoinTask.doExec(ForkJoinTask.java:373) [?:?]
	at java.util.concurrent.ForkJoinPool$WorkQueue.topLevelExec(ForkJoinPool.java:1182) [?:?]
	at java.util.concurrent.ForkJoinPool.scan(ForkJoinPool.java:1655) [?:?]
	at java.util.concurrent.ForkJoinPool.runWorker(ForkJoinPool.java:1622) [?:?]
	at java.util.concurrent.ForkJoinWorkerThread.run(ForkJoinWorkerThread.java:165) [?:?]
[05:03:57] [Worker-Main-6/INFO]: Loaded 7 recipes
[05:03:57] [Worker-Main-6/WARN]: Datapack tried to redefine minecraft:empty loot table, ignoring
[05:03:59] [Worker-Main-6/WARN]: Found validation problem in {minecraft:blocks/deepslate_copper_ore}.pools[0].entries[0]: Unreachable entry!
[05:03:59] [Worker-Main-6/WARN]: Found validation problem in {minecraft:blocks/redstone_ore}.pools[0].entries[0]: Unreachable entry!
[05:03:59] [Worker-Main-6/WARN]: Found validation problem in {minecraft:blocks/deepslate_redstone_ore}.pools[0].entries[0]: Unreachable entry!
[05:03:59] [Worker-Main-6/WARN]: Found validation problem in {minecraft:blocks/nether_gold_ore}.pools[0].entries[0]: Unreachable entry!
[05:03:59] [Worker-Main-6/WARN]: Found validation problem in {minecraft:blocks/lapis_ore}.pools[0].entries[0]: Unreachable entry!
[05:03:59] [Worker-Main-6/WARN]: Found validation problem in {minecraft:blocks/deepslate_lapis_ore}.pools[0].entries[0]: Unreachable entry!
[05:03:59] [Worker-Main-6/WARN]: Found validation problem in {minecraft:blocks/copper_ore}.pools[0].entries[0]: Unreachable entry!
[05:04:02] [Server thread/INFO]: Starting minecraft server version 1.18
[05:04:02] [Server thread/INFO]: Loading properties
[05:04:02] [Server thread/INFO]: This server is running CraftBukkit version 3336-Spigot-a5dea1c-a008701 (MC: 1.18) (Implementing API version 1.18-R0.1-SNAPSHOT)
[05:04:02] [Server thread/INFO]: Debug logging is disabled
[05:04:02] [Server thread/INFO]: Server Ping Player Sample Count: 12
[05:04:02] [Server thread/INFO]: Using 4 threads for Netty based IO
[05:04:02] [Server thread/INFO]: Default game type: SURVIVAL
[05:04:02] [Server thread/INFO]: Generating keypair
[05:04:02] [Server thread/INFO]: Starting Minecraft server on *:25565
[05:04:03] [Server thread/INFO]: Using epoll channel type
[05:04:04] [Server thread/INFO]: [ClearLag] Loading ClearLag v3.2.2
[05:04:04] [Server thread/INFO]: [SpigotPing] Loading SpigotPing v2.6
[05:04:04] [Server thread/INFO]: [ViaVersion] Loading ViaVersion v4.1.0
[05:04:05] [Server thread/INFO]: [ViaVersion] ViaVersion 4.1.0 is now loaded, injecting!
[05:04:05] [Via-Mappingloader-0/INFO]: [ViaVersion] Loading 1.12 -> 1.13 mappings...
[05:04:05] [Via-Mappingloader-1/INFO]: [ViaVersion] Loading 1.13 -> 1.13.2 mappings...
[05:04:06] [Via-Mappingloader-2/INFO]: [ViaVersion] Loading 1.13.2 -> 1.14 mappings...
[05:04:06] [Via-Mappingloader-3/INFO]: [ViaVersion] Loading 1.14 -> 1.15 mappings...
[05:04:06] [Via-Mappingloader-0/INFO]: [ViaVersion] Loading block connection mappings ...
[05:04:06] [Via-Mappingloader-4/INFO]: [ViaVersion] Loading 1.15 -> 1.16 mappings...
[05:04:06] [Via-Mappingloader-1/INFO]: [ViaVersion] Loading 1.16 -> 1.16.2 mappings...
[05:04:06] [Via-Mappingloader-2/INFO]: [ViaVersion] Loading 1.16.2 -> 1.17 mappings...
[05:04:06] [Via-Mappingloader-5/INFO]: [ViaVersion] Loading 1.17 -> 1.18 mappings...
[05:04:06] [Server thread/INFO]: [floodgate] Loading floodgate v2.1.0-SNAPSHOT
[05:04:08] [Server thread/WARN]: [floodgate] en_ is not a supported Floodgate language.
[05:04:08] [Server thread/INFO]: [floodgate] Took 1,381ms to boot Floodgate
[05:04:08] [Server thread/INFO]: [UltimateHomes] Loading UltimateHomes v2.5
[05:04:08] [Server thread/INFO]: [ViaBackwards] Loading ViaBackwards v4.1.0
[05:04:08] [Server thread/INFO]: [ViaBackwards] Loading translations...
[05:04:08] [Via-Mappingloader-0/INFO]: [ViaBackwards] Loading 1.10 -> 1.9.4 mappings...
[05:04:08] [Via-Mappingloader-0/INFO]: [ViaBackwards] Loading 1.11 -> 1.10 mappings...
[05:04:08] [Via-Mappingloader-0/INFO]: [ViaBackwards] Loading 1.12 -> 1.11 mappings...
[05:04:08] [Via-Mappingloader-0/INFO]: [ViaBackwards] Loading 1.13 -> 1.12 mappings...
[05:04:08] [Via-Mappingloader-5/INFO]: [ViaBackwards] Loading 1.13.2 -> 1.13 mappings...
[05:04:08] [Via-Mappingloader-5/INFO]: [ViaBackwards] Loading 1.14 -> 1.13.2 mappings...
[05:04:08] [Via-Mappingloader-5/INFO]: [ViaBackwards] Loading 1.15 -> 1.14 mappings...
[05:04:08] [Via-Mappingloader-0/INFO]: [ViaBackwards] Loading 1.16 -> 1.15 mappings...
[05:04:08] [Via-Mappingloader-5/INFO]: [ViaBackwards] Loading 1.16.2 -> 1.16 mappings...
[05:04:08] [Via-Mappingloader-5/INFO]: [ViaBackwards] Loading 1.17 -> 1.16.2 mappings...
[05:04:08] [Via-Mappingloader-0/INFO]: [ViaBackwards] Loading 1.18 -> 1.17 mappings...
[05:04:09] [Server thread/INFO]: [TubeTils] Loading TubeTils v1.0.5
[05:04:09] [Server thread/INFO]: [Geyser-Spigot] Loading Geyser-Spigot v2.0.0-SNAPSHOT
[05:04:09] [Server thread/INFO]: [AntiCooldown] Loading AntiCooldown v4.0.3
[05:04:09] [Server thread/INFO]: [TubeTils] Enabling TubeTils v1.0.5
[05:04:09] [Server thread/INFO]: [TubeTils] The Plugin will be activated ...[m
[05:04:09] [Server thread/INFO]: [TubeTils] Set Instances ...[m
[05:04:09] [Server thread/INFO]: [TubeTils] Setting Instances done![m
[05:04:09] [Server thread/INFO]: [TubeTils] The plugin was successfully activated![m
[05:04:09] [Server thread/WARN]: **** SERVER IS RUNNING IN OFFLINE/INSECURE MODE!
[05:04:09] [Server thread/WARN]: The server will make no attempt to authenticate usernames. Beware.
[05:04:09] [Server thread/WARN]: While this makes the game possible to play without internet access, it also opens up the ability for hackers to connect with any username they choose.
[05:04:09] [Server thread/WARN]: To change this, set "online-mode" to "true" in the server.properties file.
[05:04:09] [Server thread/INFO]: Preparing level "world"
[05:04:10] [Server thread/INFO]: -------- World Settings For [world] --------
[05:04:10] [Server thread/INFO]: Hopper Transfer: 8 Hopper Check: 1 Hopper Amount: 1
[05:04:10] [Server thread/INFO]: Custom Map Seeds:  Village: 10387312 Desert: 14357617 Igloo: 14357618 Jungle: 14357619 Swamp: 14357620 Monument: 10387313 Ocean: 14357621 Shipwreck: 165745295 End City: 10387313 Slime: 987234911 Bastion: 30084232 Fortress: 30084232 Mansion: 10387319 Fossil: 14357921 Portal: 34222645
[05:04:10] [Server thread/INFO]: Max TNT Explosions: 100
[05:04:10] [Server thread/INFO]: Tile Max Tick Time: 50ms Entity max Tick Time: 50ms
[05:04:10] [Server thread/INFO]: Entity Activation Range: An 32 / Mo 32 / Ra 48 / Mi 16 / Tiv true
[05:04:10] [Server thread/INFO]: Entity Tracking Range: Pl 48 / An 48 / Mo 48 / Mi 32 / Other 64
[05:04:10] [Server thread/INFO]: Experience Merge Radius: 3.0
[05:04:10] [Server thread/INFO]: Mob Spawn Range: 6
[05:04:10] [Server thread/INFO]: Cactus Growth Modifier: 100%
[05:04:10] [Server thread/INFO]: Cane Growth Modifier: 100%
[05:04:10] [Server thread/INFO]: Melon Growth Modifier: 100%
[05:04:10] [Server thread/INFO]: Mushroom Growth Modifier: 100%
[05:04:10] [Server thread/INFO]: Pumpkin Growth Modifier: 100%
[05:04:10] [Server thread/INFO]: Sapling Growth Modifier: 100%
[05:04:10] [Server thread/INFO]: Beetroot Growth Modifier: 100%
[05:04:10] [Server thread/INFO]: Carrot Growth Modifier: 100%
[05:04:10] [Server thread/INFO]: Potato Growth Modifier: 100%
[05:04:10] [Server thread/INFO]: Wheat Growth Modifier: 100%
[05:04:10] [Server thread/INFO]: NetherWart Growth Modifier: 100%
[05:04:10] [Server thread/INFO]: Vine Growth Modifier: 100%
[05:04:10] [Server thread/INFO]: Cocoa Growth Modifier: 100%
[05:04:10] [Server thread/INFO]: Bamboo Growth Modifier: 100%
[05:04:10] [Server thread/INFO]: SweetBerry Growth Modifier: 100%
[05:04:10] [Server thread/INFO]: Kelp Growth Modifier: 100%
[05:04:10] [Server thread/INFO]: Allow Zombie Pigmen to spawn from portal blocks: true
[05:04:10] [Server thread/INFO]: Item Despawn Rate: 6000
[05:04:10] [Server thread/INFO]: Item Merge Radius: 2.5
[05:04:10] [Server thread/INFO]: View Distance: 10
[05:04:10] [Server thread/INFO]: Simulation Distance: 10
[05:04:10] [Server thread/INFO]: Arrow Despawn Rate: 1200 Trident Respawn Rate:1200
[05:04:10] [Server thread/INFO]: Zombie Aggressive Towards Villager: true
[05:04:10] [Server thread/INFO]: Nerfing mobs spawned from spawners: false
[05:04:11] [Server thread/INFO]: -------- World Settings For [world_nether] --------
[05:04:11] [Server thread/INFO]: Hopper Transfer: 8 Hopper Check: 1 Hopper Amount: 1
[05:04:11] [Server thread/INFO]: Custom Map Seeds:  Village: 10387312 Desert: 14357617 Igloo: 14357618 Jungle: 14357619 Swamp: 14357620 Monument: 10387313 Ocean: 14357621 Shipwreck: 165745295 End City: 10387313 Slime: 987234911 Bastion: 30084232 Fortress: 30084232 Mansion: 10387319 Fossil: 14357921 Portal: 34222645
[05:04:11] [Server thread/INFO]: Max TNT Explosions: 100
[05:04:11] [Server thread/INFO]: Tile Max Tick Time: 50ms Entity max Tick Time: 50ms
[05:04:11] [Server thread/INFO]: Entity Activation Range: An 32 / Mo 32 / Ra 48 / Mi 16 / Tiv true
[05:04:11] [Server thread/INFO]: Entity Tracking Range: Pl 48 / An 48 / Mo 48 / Mi 32 / Other 64
[05:04:11] [Server thread/INFO]: Experience Merge Radius: 3.0
[05:04:11] [Server thread/INFO]: Mob Spawn Range: 6
[05:04:11] [Server thread/INFO]: Cactus Growth Modifier: 100%
[05:04:11] [Server thread/INFO]: Cane Growth Modifier: 100%
[05:04:11] [Server thread/INFO]: Melon Growth Modifier: 100%
[05:04:11] [Server thread/INFO]: Mushroom Growth Modifier: 100%
[05:04:11] [Server thread/INFO]: Pumpkin Growth Modifier: 100%
[05:04:11] [Server thread/INFO]: Sapling Growth Modifier: 100%
[05:04:11] [Server thread/INFO]: Beetroot Growth Modifier: 100%
[05:04:11] [Server thread/INFO]: Carrot Growth Modifier: 100%
[05:04:11] [Server thread/INFO]: Potato Growth Modifier: 100%
[05:04:11] [Server thread/INFO]: Wheat Growth Modifier: 100%
[05:04:11] [Server thread/INFO]: NetherWart Growth Modifier: 100%
[05:04:11] [Server thread/INFO]: Vine Growth Modifier: 100%
[05:04:11] [Server thread/INFO]: Cocoa Growth Modifier: 100%
[05:04:11] [Server thread/INFO]: Bamboo Growth Modifier: 100%
[05:04:11] [Server thread/INFO]: SweetBerry Growth Modifier: 100%
[05:04:11] [Server thread/INFO]: Kelp Growth Modifier: 100%
[05:04:11] [Server thread/INFO]: Allow Zombie Pigmen to spawn from portal blocks: true
[05:04:11] [Server thread/INFO]: Item Despawn Rate: 6000
[05:04:11] [Server thread/INFO]: Item Merge Radius: 2.5
[05:04:11] [Server thread/INFO]: View Distance: 10
[05:04:11] [Server thread/INFO]: Simulation Distance: 10
[05:04:11] [Server thread/INFO]: Arrow Despawn Rate: 1200 Trident Respawn Rate:1200
[05:04:11] [Server thread/INFO]: Zombie Aggressive Towards Villager: true
[05:04:11] [Server thread/INFO]: Nerfing mobs spawned from spawners: false
[05:04:12] [Server thread/INFO]: -------- World Settings For [world_the_end] --------
[05:04:12] [Server thread/INFO]: Hopper Transfer: 8 Hopper Check: 1 Hopper Amount: 1
[05:04:12] [Server thread/INFO]: Custom Map Seeds:  Village: 10387312 Desert: 14357617 Igloo: 14357618 Jungle: 14357619 Swamp: 14357620 Monument: 10387313 Ocean: 14357621 Shipwreck: 165745295 End City: 10387313 Slime: 987234911 Bastion: 30084232 Fortress: 30084232 Mansion: 10387319 Fossil: 14357921 Portal: 34222645
[05:04:12] [Server thread/INFO]: Max TNT Explosions: 100
[05:04:12] [Server thread/INFO]: Tile Max Tick Time: 50ms Entity max Tick Time: 50ms
[05:04:12] [Server thread/INFO]: Entity Activation Range: An 32 / Mo 32 / Ra 48 / Mi 16 / Tiv true
[05:04:12] [Server thread/INFO]: Entity Tracking Range: Pl 48 / An 48 / Mo 48 / Mi 32 / Other 64
[05:04:12] [Server thread/INFO]: Experience Merge Radius: 3.0
[05:04:12] [Server thread/INFO]: Mob Spawn Range: 6
[05:04:12] [Server thread/INFO]: Cactus Growth Modifier: 100%
[05:04:12] [Server thread/INFO]: Cane Growth Modifier: 100%
[05:04:12] [Server thread/INFO]: Melon Growth Modifier: 100%
[05:04:12] [Server thread/INFO]: Mushroom Growth Modifier: 100%
[05:04:12] [Server thread/INFO]: Pumpkin Growth Modifier: 100%
[05:04:12] [Server thread/INFO]: Sapling Growth Modifier: 100%
[05:04:12] [Server thread/INFO]: Beetroot Growth Modifier: 100%
[05:04:12] [Server thread/INFO]: Carrot Growth Modifier: 100%
[05:04:12] [Server thread/INFO]: Potato Growth Modifier: 100%
[05:04:12] [Server thread/INFO]: Wheat Growth Modifier: 100%
[05:04:12] [Server thread/INFO]: NetherWart Growth Modifier: 100%
[05:04:12] [Server thread/INFO]: Vine Growth Modifier: 100%
[05:04:12] [Server thread/INFO]: Cocoa Growth Modifier: 100%
[05:04:12] [Server thread/INFO]: Bamboo Growth Modifier: 100%
[05:04:12] [Server thread/INFO]: SweetBerry Growth Modifier: 100%
[05:04:12] [Server thread/INFO]: Kelp Growth Modifier: 100%
[05:04:12] [Server thread/INFO]: Allow Zombie Pigmen to spawn from portal blocks: true
[05:04:12] [Server thread/INFO]: Item Despawn Rate: 6000
[05:04:12] [Server thread/INFO]: Item Merge Radius: 2.5
[05:04:12] [Server thread/INFO]: View Distance: 10
[05:04:12] [Server thread/INFO]: Simulation Distance: 10
[05:04:12] [Server thread/INFO]: Arrow Despawn Rate: 1200 Trident Respawn Rate:1200
[05:04:12] [Server thread/INFO]: Zombie Aggressive Towards Villager: true
[05:04:12] [Server thread/INFO]: Nerfing mobs spawned from spawners: false
[05:04:12] [Server thread/INFO]: Preparing start region for dimension minecraft:overworld
[05:04:14] [Worker-Main-6/INFO]: Preparing spawn area: 0%
[05:04:14] [Worker-Main-5/INFO]: Preparing spawn area: 0%
[05:04:14] [Worker-Main-4/INFO]: Preparing spawn area: 0%
[05:04:14] [Worker-Main-5/INFO]: Preparing spawn area: 0%
[05:04:15] [Worker-Main-4/INFO]: Preparing spawn area: 0%
[05:04:15] [Worker-Main-6/INFO]: Preparing spawn area: 0%
[05:04:15] [Worker-Main-5/INFO]: Preparing spawn area: 0%
[05:04:15] [Worker-Main-6/INFO]: Preparing spawn area: 0%
[05:04:16] [Worker-Main-4/INFO]: Preparing spawn area: 0%
[05:04:16] [Worker-Main-6/INFO]: Preparing spawn area: 0%
[05:04:17] [Worker-Main-5/INFO]: Preparing spawn area: 0%
[05:04:17] [Worker-Main-5/INFO]: Preparing spawn area: 0%
[05:04:18] [Worker-Main-5/INFO]: Preparing spawn area: 0%
[05:04:18] [Worker-Main-4/INFO]: Preparing spawn area: 0%
[05:04:19] [Worker-Main-5/INFO]: Preparing spawn area: 0%
[05:04:19] [Worker-Main-4/INFO]: Preparing spawn area: 1%
[05:04:20] [Worker-Main-4/INFO]: Preparing spawn area: 2%
[05:04:20] [Worker-Main-5/INFO]: Preparing spawn area: 6%
[05:04:21] [Worker-Main-4/INFO]: Preparing spawn area: 7%
[05:04:21] [Worker-Main-4/INFO]: Preparing spawn area: 7%
[05:04:22] [Worker-Main-5/INFO]: Preparing spawn area: 8%
[05:04:22] [Worker-Main-4/INFO]: Preparing spawn area: 14%
[05:04:23] [Worker-Main-6/INFO]: Preparing spawn area: 14%
[05:04:23] [Worker-Main-4/INFO]: Preparing spawn area: 20%
[05:04:24] [Worker-Main-4/INFO]: Preparing spawn area: 27%
[05:04:24] [Worker-Main-4/INFO]: Preparing spawn area: 30%
[05:04:25] [Worker-Main-5/INFO]: Preparing spawn area: 30%
[05:04:25] [Worker-Main-6/INFO]: Preparing spawn area: 32%
[05:04:26] [Worker-Main-5/INFO]: Preparing spawn area: 43%
[05:04:26] [Worker-Main-6/INFO]: Preparing spawn area: 54%
[05:04:27] [Worker-Main-6/INFO]: Preparing spawn area: 56%
[05:04:27] [Worker-Main-5/INFO]: Preparing spawn area: 69%
[05:04:28] [Worker-Main-4/INFO]: Preparing spawn area: 81%
[05:04:28] [Worker-Main-5/INFO]: Preparing spawn area: 98%
[05:04:30] [Worker-Main-4/INFO]: Preparing spawn area: 100%
[05:04:30] [Worker-Main-5/INFO]: Preparing spawn area: 100%
[05:04:30] [Worker-Main-5/INFO]: Preparing spawn area: 100%
[05:04:30] [Worker-Main-5/INFO]: Preparing spawn area: 100%
[05:04:31] [Worker-Main-5/INFO]: Preparing spawn area: 100%
[05:04:31] [Worker-Main-4/INFO]: Preparing spawn area: 100%
[05:04:32] [Worker-Main-4/INFO]: Preparing spawn area: 100%
[05:04:32] [Worker-Main-5/INFO]: Preparing spawn area: 100%
[05:04:33] [Worker-Main-6/INFO]: Preparing spawn area: 100%
[05:04:33] [Worker-Main-6/INFO]: Preparing spawn area: 100%
[05:04:34] [Worker-Main-4/INFO]: Preparing spawn area: 100%
[05:04:34] [Worker-Main-5/INFO]: Preparing spawn area: 100%
[05:04:35] [Worker-Main-5/INFO]: Preparing spawn area: 100%
[05:04:35] [Server thread/INFO]: Time elapsed: 23405 ms
[05:04:35] [Server thread/INFO]: Preparing start region for dimension minecraft:the_nether
[05:04:37] [Worker-Main-5/INFO]: Preparing spawn area: 0%
[05:04:37] [Worker-Main-5/INFO]: Preparing spawn area: 0%
[05:04:37] [Worker-Main-5/INFO]: Preparing spawn area: 0%
[05:04:37] [Worker-Main-6/INFO]: Preparing spawn area: 0%
[05:04:37] [Worker-Main-6/INFO]: Preparing spawn area: 0%
[05:04:38] [Worker-Main-6/INFO]: Preparing spawn area: 0%
[05:04:38] [Worker-Main-5/INFO]: Preparing spawn area: 0%
[05:04:39] [Worker-Main-5/INFO]: Preparing spawn area: 0%
[05:04:40] [Worker-Main-6/INFO]: Preparing spawn area: 1%
[05:04:40] [Worker-Main-5/INFO]: Preparing spawn area: 3%
[05:04:40] [Worker-Main-6/INFO]: Preparing spawn area: 9%
[05:04:41] [Worker-Main-6/INFO]: Preparing spawn area: 15%
[05:04:41] [Worker-Main-5/INFO]: Preparing spawn area: 16%
[05:04:42] [Worker-Main-6/INFO]: Preparing spawn area: 33%
[05:04:43] [Worker-Main-5/INFO]: Preparing spawn area: 41%
[05:04:43] [Worker-Main-5/INFO]: Preparing spawn area: 49%
[05:04:43] [Worker-Main-5/INFO]: Preparing spawn area: 65%
[05:04:44] [Worker-Main-5/INFO]: Preparing spawn area: 73%
[05:04:45] [Worker-Main-5/INFO]: Preparing spawn area: 73%
[05:04:45] [Worker-Main-5/INFO]: Preparing spawn area: 75%
[05:04:45] [Worker-Main-6/INFO]: Preparing spawn area: 86%
[05:04:46] [Worker-Main-5/INFO]: Preparing spawn area: 87%
[05:04:46] [Worker-Main-5/INFO]: Preparing spawn area: 88%
[05:04:47] [Worker-Main-5/INFO]: Preparing spawn area: 96%
[05:04:47] [Worker-Main-4/INFO]: Preparing spawn area: 97%
[05:04:48] [Worker-Main-6/INFO]: Preparing spawn area: 98%
[05:04:48] [Worker-Main-6/INFO]: Preparing spawn area: 100%
[05:04:49] [Worker-Main-5/INFO]: Preparing spawn area: 100%
[05:04:49] [Worker-Main-4/INFO]: Preparing spawn area: 100%
[05:04:50] [Worker-Main-4/INFO]: Preparing spawn area: 100%
[05:04:50] [Worker-Main-4/INFO]: Preparing spawn area: 100%
[05:04:51] [Worker-Main-6/INFO]: Preparing spawn area: 100%
[05:04:52] [Worker-Main-4/INFO]: Preparing spawn area: 100%
[05:04:52] [Worker-Main-6/INFO]: Preparing spawn area: 100%
[05:04:52] [Worker-Main-6/INFO]: Preparing spawn area: 100%
[05:04:53] [Server thread/INFO]: Time elapsed: 17091 ms
[05:04:53] [Server thread/INFO]: Preparing start region for dimension minecraft:the_end
[05:04:56] [Worker-Main-6/INFO]: Preparing spawn area: 0%
[05:04:56] [Worker-Main-6/INFO]: Preparing spawn area: 0%
[05:04:56] [Worker-Main-6/INFO]: Preparing spawn area: 0%
[05:04:56] [Worker-Main-6/INFO]: Preparing spawn area: 0%
[05:04:56] [Worker-Main-6/INFO]: Preparing spawn area: 0%
[05:04:56] [Worker-Main-6/INFO]: Preparing spawn area: 0%
[05:04:56] [Worker-Main-6/INFO]: Preparing spawn area: 0%
[05:04:56] [Worker-Main-4/INFO]: Preparing spawn area: 0%
[05:04:57] [Worker-Main-4/INFO]: Preparing spawn area: 0%
[05:04:57] [Worker-Main-4/INFO]: Preparing spawn area: 0%
[05:04:58] [Worker-Main-4/INFO]: Preparing spawn area: 0%
[05:04:58] [Worker-Main-4/INFO]: Preparing spawn area: 0%
[05:04:59] [Worker-Main-6/INFO]: Preparing spawn area: 0%
[05:04:59] [Worker-Main-6/INFO]: Preparing spawn area: 18%
[05:05:00] [Worker-Main-5/INFO]: Preparing spawn area: 23%
[05:05:00] [Worker-Main-5/INFO]: Preparing spawn area: 23%
[05:05:01] [Worker-Main-5/INFO]: Preparing spawn area: 35%
[05:05:01] [Worker-Main-5/INFO]: Preparing spawn area: 52%
[05:05:02] [Worker-Main-5/INFO]: Preparing spawn area: 60%
[05:05:02] [Worker-Main-6/INFO]: Preparing spawn area: 68%
[05:05:03] [Worker-Main-4/INFO]: Preparing spawn area: 75%
[05:05:03] [Worker-Main-6/INFO]: Preparing spawn area: 83%
[05:05:04] [Worker-Main-5/INFO]: Preparing spawn area: 90%
[05:05:04] [Worker-Main-4/INFO]: Preparing spawn area: 100%
[05:05:04] [Server thread/INFO]: Time elapsed: 11747 ms
[05:05:04] [Server thread/INFO]: [ClearLag] Enabling ClearLag v3.2.2
[05:05:04] [Server thread/INFO]: [ClearLag] Using version-adapter: LatestVersionAdapter
[05:05:05] [Server thread/INFO]: [ClearLag] Loading modules...
[05:05:05] [Server thread/WARN]: [ClearLag] Clearlag failed to use the internal TPS tracker during initialization. Reverted to estimation... (net.minecraft.server.v1_18_R1.MinecraftServer)
[05:05:05] [Server thread/INFO]: [ClearLag] Modules enabed, loading config values
[05:05:05] [Server thread/INFO]: [ClearLag] Modules have been loaded!
[05:05:05] [Server thread/INFO]: [ClearLag] Clearlag is now enabled!
[05:05:05] [Thread-7/INFO]: [ClearLag] Checking for updates compatible with your bukkit version [1.18]...
[05:05:05] [Server thread/INFO]: [SpigotPing] Enabling SpigotPing v2.6
[05:05:05] [Server thread/INFO]: [SpigotPing] TabList is enabled, task added with a delay of 5 second/s.
[05:05:05] [Server thread/INFO]: [ViaVersion] Enabling ViaVersion v4.1.0
[05:05:05] [Server thread/INFO]: [floodgate] Enabling floodgate v2.1.0-SNAPSHOT
[05:05:05] [Thread-7/INFO]: [ClearLag] No updates found!
[05:05:06] [Server thread/INFO]: [UltimateHomes] Enabling UltimateHomes v2.5
[05:05:06] [Server thread/INFO]: [m
[05:05:06] [Server thread/INFO]: [0;32;1m--------------------------------------[m
[05:05:06] [Server thread/INFO]: [0;37;1m       UltimateHomes by kixmc[m
[05:05:06] [Server thread/INFO]: [0;37;1m       Enabled on version 2.5[m
[05:05:06] [Server thread/INFO]: [0;32;1m--------------------------------------[m
[05:05:06] [Server thread/INFO]:  [m
[05:05:06] [Server thread/INFO]: [ViaBackwards] Enabling ViaBackwards v4.1.0
[05:05:06] [Server thread/INFO]: [Geyser-Spigot] Enabling Geyser-Spigot v2.0.0-SNAPSHOT
[05:05:07] [Server thread/INFO]: [Geyser-Spigot] Auto-loaded Floodgate key
[05:05:07] [Server thread/INFO]: [Geyser-Spigot] ******************************************
[05:05:07] [Server thread/INFO]: [Geyser-Spigot] 
[05:05:07] [Server thread/WARN]: [Geyser-Spigot] en_ is not a valid Bedrock language.
[05:05:07] [Server thread/INFO]: [Geyser-Spigot] Loading Geyser version 2.0.0-SNAPSHOT (git-master-3f296e3)
[05:05:07] [Server thread/INFO]: [Geyser-Spigot] 
[05:05:07] [Server thread/INFO]: [Geyser-Spigot] ******************************************
[05:05:15] [Server thread/INFO]: [Geyser-Spigot] Loaded Floodgate key!
[05:05:15] [Network Listener - #3/INFO]: [Geyser-Spigot] Started Geyser on 0.0.0.0:19132
[05:05:15] [Server thread/INFO]: [Geyser-Spigot] Done (8.156s)! Run /geyser help for help!
[05:05:15] [Server thread/INFO]: [AntiCooldown] Enabling AntiCooldown v4.0.3
[05:05:15] [Server thread/INFO]: [0;37;22m[[0;36;22mAntiCooldownLogger[0;37;22m] [0;32;1mCurrently installed TubeTils version meet the requirements![m
[05:05:15] [Server thread/INFO]: [0;37;22m[[0;36;22mAntiCooldownLogger[0;37;22m] [0;31;1mProtocolLib is NOT installed! Support for ProtocolLib disabled![m
[05:05:15] [Server thread/INFO]: [0;37;22m[[0;36;22mAntiCooldownLogger[0;37;22m] [0;31;1mPlaceholderAPI is NOT installed! Support for PlaceholderAPI disabled![m
[05:05:15] [Server thread/INFO]: [0;37;22m[[0;36;22mAntiCooldownLogger[0;37;22m] [0;32;1mThe Plugin will be activated ...[m
[05:05:15] [Server thread/INFO]: [0;37;22m[[0;36;22mAntiCooldownLogger[0;37;22m] ==================================================[m
[05:05:15] [Server thread/INFO]: [0;37;22m[[0;36;22mAntiCooldownLogger[0;37;22m] JOIN OUR DISCORD: [0;33;1mhttps://discord.gg/73ZDfbx[m
[05:05:15] [Server thread/INFO]: [0;37;22m[[0;36;22mAntiCooldownLogger[0;37;22m] ==================================================[m
[05:05:15] [Server thread/INFO]: [0;37;22m[[0;36;22mAntiCooldownLogger[0;37;22m] [0;32;1mLoading Config Files ...[m
[05:05:15] [Server thread/INFO]: [0;37;22m[[0;36;22mAntiCooldownLogger[0;37;22m] [0;32;1mConfig values are loaded into the cache ...[m
[05:05:15] [Server thread/INFO]: [0;37;22m[[0;36;22mAntiCooldownLogger[0;37;22m] [0;32;1mWorld [0;33;1mYourWorldName [0;32;1mdisabled![m
[05:05:15] [Server thread/INFO]: [0;37;22m[[0;36;22mAntiCooldownLogger[0;37;22m] [0;31;22mWARNING: [0;31;1mMaterial [0;33;1mWOOD_AXE [0;31;1mfor CustomItemDamage cannot be found or is not supported by [0;33;1m1.18-R0.1-SNAPSHOT[0;31;1m![m
[05:05:15] [Server thread/INFO]: [0;37;22m[[0;36;22mAntiCooldownLogger[0;37;22m] [0;31;22mWARNING: [0;31;1mMaterial [0;33;1mGOLD_AXE [0;31;1mfor CustomItemDamage cannot be found or is not supported by [0;33;1m1.18-R0.1-SNAPSHOT[0;31;1m![m
[05:05:15] [Server thread/INFO]: [0;37;22m[[0;36;22mAntiCooldownLogger[0;37;22m] [0;31;22mWARNING: [0;31;1mMaterial [0;33;1mWOOD_PICKAXE [0;31;1mfor CustomItemDamage cannot be found or is not supported by [0;33;1m1.18-R0.1-SNAPSHOT[0;31;1m![m
[05:05:15] [Server thread/INFO]: [0;37;22m[[0;36;22mAntiCooldownLogger[0;37;22m] [0;31;22mWARNING: [0;31;1mMaterial [0;33;1mGOLD_PICKAXE [0;31;1mfor CustomItemDamage cannot be found or is not supported by [0;33;1m1.18-R0.1-SNAPSHOT[0;31;1m![m
[05:05:15] [Server thread/INFO]: [0;37;22m[[0;36;22mAntiCooldownLogger[0;37;22m] [0;32;1mConfig values were successfully cached![m
[05:05:15] [Server thread/INFO]: [0;37;22m[[0;36;22mAntiCooldownLogger[0;37;22m] [0;32;1mConfig Files was successfully loaded![m
[05:05:15] [Server thread/INFO]: [0;37;22m[[0;36;22mAntiCooldownLogger[0;37;22m] [0;32;1mChecking for updates ...[m
[05:05:16] [Server thread/INFO]: [0;37;22m[[0;36;22mAntiCooldownLogger[0;37;22m] [0;32;1mListeners will be registered ...[m
[05:05:16] [Server thread/INFO]: [0;37;22m[[0;36;22mAntiCooldownLogger[0;37;22m] [0;31;22mWARNING: [0;31;1mDisableSweepAttackParticle is disabled: [0;31;1mProtocolLib is missing![m
[05:05:16] [Server thread/INFO]: [0;37;22m[[0;36;22mAntiCooldownLogger[0;37;22m] [0;31;22mWARNING: [0;31;1mDisableNewCombatSounds is disabled: [0;31;1mProtocolLib is missing![m
[05:05:16] [Server thread/INFO]: [0;37;22m[[0;36;22mAntiCooldownLogger[0;37;22m] [0;32;1mListeners have been successfully registered![m
[05:05:16] [Server thread/INFO]: [0;37;22m[[0;36;22mAntiCooldownLogger[0;37;22m] [0;32;1mCommands will be registered ...[m
[05:05:16] [Server thread/INFO]: [0;37;22m[[0;36;22mAntiCooldownLogger[0;37;22m] [0;32;1mCommands have been successfully registered![m
[05:05:16] [Server thread/INFO]: [0;37;22m[[0;36;22mAntiCooldownLogger[0;37;22m] [0;32;1mLoad and activate bStats ...[m
[05:05:16] [Server thread/INFO]: [0;37;22m[[0;36;22mAntiCooldownLogger[0;37;22m] [0;32;1mbStats was successfully loaded and activated![m
[05:05:16] [Server thread/INFO]: [0;37;22m[[0;36;22mAntiCooldownLogger[0;37;22m] [0;32;1mThe plugin was successfully activated in [0;33;1m935ms[0;32;1m![m
[05:05:16] [Server thread/INFO]: Server permissions file permissions.yml is empty, ignoring it
[05:05:16] [Server thread/INFO]: Done (67.481s)! For help, type "help"
[05:05:16] [Server thread/INFO]: [ViaVersion] ViaVersion detected server version: 1.18 (757)
[05:05:16] [Server thread/INFO]: [ViaVersion] Finished mapping loading, shutting down loader executor!
[05:05:17] [User Authenticator #1/INFO]: UUID of player Maxl2oss is 0bac05d8-4d64-3129-a934-e0f736f3f7d0
[05:05:18] [Server thread/INFO]: com.mojang.authlib.GameProfile@2a0056f8[id=0bac05d8-4d64-3129-a934-e0f736f3f7d0,name=Maxl2oss,properties={},legacy=false] (/223.24.162.151:32856) lost connection: Disconnected
[05:05:21] [Server thread/WARN]: Can't keep up! Is the server overloaded? Running 5196ms or 103 ticks behind
[05:06:03] [User Authenticator #2/INFO]: UUID of player Maxl2oss is 0bac05d8-4d64-3129-a934-e0f736f3f7d0
[05:06:04] [Server thread/INFO]: Maxl2oss[/223.24.162.151:6837] logged in with entity id 9858 at ([world]-230.19328814665798, 103.0, -1335.5691983922325)
[05:06:43] [User Authenticator #3/INFO]: UUID of player Atit is 5fecea75-bb30-3653-8d35-4af776eb91f2
[05:06:44] [Server thread/INFO]: Atit[/184.22.189.151:52162] logged in with entity id 9983 at ([world]-153.0469656319343, 102.0, -1483.7748270507343)
[05:07:30] [Server thread/INFO]: Atit lost connection: Disconnected
[05:07:30] [Server thread/INFO]: Atit left the game
[05:08:32] [Server thread/INFO]: Maxl2oss lost connection: Disconnected
[05:08:32] [Server thread/INFO]: Maxl2oss left the game
[05:08:59] [Server thread/INFO]: Stopping the server
[05:08:59] [Server thread/INFO]: Stopping server
[05:08:59] [Server thread/INFO]: [AntiCooldown] Disabling AntiCooldown v4.0.3
[05:08:59] [Server thread/INFO]: [0;37;22m[[0;36;22mAntiCooldownLogger[0;37;22m] [0;32;1mThe Plugin will be deactivated ...[m
[05:08:59] [Server thread/INFO]: [0;37;22m[[0;36;22mAntiCooldownLogger[0;37;22m] [0;32;1mThe plugin was successfully deactivated![m
[05:08:59] [Server thread/INFO]: [Geyser-Spigot] Disabling Geyser-Spigot v2.0.0-SNAPSHOT
[05:08:59] [Server thread/INFO]: [Geyser-Spigot] Shutting down Geyser.
[05:08:59] [Server thread/INFO]: [Geyser-Spigot] Geyser shutdown successfully.
[05:08:59] [Server thread/INFO]: [TubeTils] Disabling TubeTils v1.0.5
[05:08:59] [Server thread/INFO]: [TubeTils] The Plugin will be deactivated ...[m
[05:08:59] [Server thread/INFO]: [TubeTils] The plugin was successfully deactivated![m
[05:08:59] [Server thread/INFO]: [ViaBackwards] Disabling ViaBackwards v4.1.0
[05:08:59] [Server thread/INFO]: [UltimateHomes] Disabling UltimateHomes v2.5
[05:08:59] [Server thread/INFO]: [floodgate] Disabling floodgate v2.1.0-SNAPSHOT
[05:08:59] [Server thread/INFO]: [ViaVersion] Disabling ViaVersion v4.1.0
[05:08:59] [Server thread/INFO]: [ViaVersion] ViaVersion is disabling, if this is a reload and you experience issues consider rebooting.
[05:08:59] [Server thread/ERROR]: [ViaVersion] ViaVersion failed to uninject:
[05:08:59] [Server thread/WARN]: java.lang.NullPointerException: Cannot invoke "Object.getClass()" because "o" is null
[05:08:59] [Server thread/WARN]: 	at com.viaversion.viaversion.util.ReflectionUtil.get(ReflectionUtil.java:65)
[05:08:59] [Server thread/WARN]: 	at com.viaversion.viaversion.platform.LegacyViaInjector.uninject(LegacyViaInjector.java:119)
[05:08:59] [Server thread/WARN]: 	at com.viaversion.viaversion.bukkit.platform.BukkitViaInjector.uninject(BukkitViaInjector.java:57)
[05:08:59] [Server thread/WARN]: 	at com.viaversion.viaversion.ViaManagerImpl.destroy(ViaManagerImpl.java:204)
[05:08:59] [Server thread/WARN]: 	at com.viaversion.viaversion.ViaVersionPlugin.onDisable(ViaVersionPlugin.java:158)
[05:08:59] [Server thread/WARN]: 	at org.bukkit.plugin.java.JavaPlugin.setEnabled(JavaPlugin.java:266)
[05:08:59] [Server thread/WARN]: 	at org.bukkit.plugin.java.JavaPluginLoader.disablePlugin(JavaPluginLoader.java:367)
[05:08:59] [Server thread/WARN]: 	at org.bukkit.plugin.SimplePluginManager.disablePlugin(SimplePluginManager.java:501)
[05:08:59] [Server thread/WARN]: 	at org.bukkit.plugin.SimplePluginManager.disablePlugins(SimplePluginManager.java:493)
[05:08:59] [Server thread/WARN]: 	at org.bukkit.craftbukkit.v1_18_R1.CraftServer.disablePlugins(CraftServer.java:459)
[05:08:59] [Server thread/WARN]: 	at net.minecraft.server.MinecraftServer.t(MinecraftServer.java:902)
[05:08:59] [Server thread/WARN]: 	at net.minecraft.server.dedicated.DedicatedServer.t(DedicatedServer.java:716)
[05:08:59] [Server thread/WARN]: 	at net.minecraft.server.MinecraftServer.w(MinecraftServer.java:1078)
[05:08:59] [Server thread/WARN]: 	at net.minecraft.server.MinecraftServer.lambda$0(MinecraftServer.java:303)
[05:08:59] [Server thread/WARN]: 	at java.base/java.lang.Thread.run(Thread.java:833)
[05:08:59] [Server thread/INFO]: [SpigotPing] Disabling SpigotPing v2.6
[05:08:59] [Server thread/INFO]: [SpigotPing] Cancelling tasks...
[05:08:59] [Server thread/INFO]: [ClearLag] Disabling ClearLag v3.2.2
[05:08:59] [Server thread/INFO]: [ClearLag] Clearlag is now disabled!
[05:08:59] [Server thread/INFO]: Saving players
[05:08:59] [Server thread/INFO]: Saving worlds
[05:08:59] [Server thread/INFO]: Saving chunks for level 'ServerLevel[world]'/minecraft:overworld
[05:08:59] [WebSocketConnectReadThread-55/INFO]: [Geyser-Spigot] The skin uploader has been closed
[05:09:07] [Server thread/INFO]: Saving chunks for level 'ServerLevel[world_nether]'/minecraft:the_nether
[05:09:12] [Server thread/INFO]: Saving chunks for level 'ServerLevel[world_the_end]'/minecraft:the_end
[05:09:13] [Server thread/INFO]: ThreadedAnvilChunkStorage (world): All chunks are saved
[05:09:13] [Server thread/INFO]: ThreadedAnvilChunkStorage (DIM-1): All chunks are saved
[05:09:13] [Server thread/INFO]: ThreadedAnvilChunkStorage (DIM1): All chunks are saved
[05:09:13] [Server thread/INFO]: ThreadedAnvilChunkStorage: All dimensions are saved
